<?xml version="1.0" encoding="UTF-8"?>
<!-- Generated by org.testng.reporters.JUnitXMLReporter -->
<testsuite hostname="MSEN2.local" ignored="0" name="Tests" tests="1" failures="1" timestamp="2022-01-26T17:29:37 EET" time="136.687" errors="0">
  <testcase name="scenario" time="126.833" classname="test.TestRunnerIOS">
    <failure type="java.lang.AssertionError" message="&amp;gt;&amp;gt;&amp;gt; writeText($**/XCUIElementTypeTextField[`value == &amp;apos;Takım, Maç Kodu, Lig Ara&amp;apos;`]); fonksiyonu çalışmadı !!!">
      <![CDATA[java.lang.AssertionError: >>> writeText($**/XCUIElementTypeTextField[`value == 'Takım, Maç Kodu, Lig Ara'`]); fonksiyonu çalışmadı !!!
at page.PageBaseIos.throwFail(PageBaseIos.java:770)
at page.PageBaseIos.writeText(PageBaseIos.java:352)
at ios.pages.pageCanliIddaa.TakimAdiAra(pageCanliIddaa.java:240)
at ios.stepDefinitions.iosSteps.canli_iddaa_sayfasinda_ilk_maca_tiklanir_(iosSteps.java:1512)
at ✽.ios - Canlı Iddaa sayfası Arama çubuğuna kopyalanan takım ismi yazılır.(file:///Users/metin.sen/Documents/GitLab/bilyoner_test_cucumber/src/test/java/ios/features/iosSanityOne.feature:103)
... Removed 1 stack frames]]>
    </failure>
  </testcase> <!-- scenario -->
</testsuite> <!-- Tests -->
